
Gurobi 7.0.2 (win64, Python) logging started 07/25/17 07:50:37


Gurobi 7.0.2 (win64, Python) logging started 07/25/17 07:51:38


Gurobi 7.0.2 (win64, Python) logging started 07/25/17 07:52:10


Gurobi 7.0.2 (win64, Python) logging started 07/25/17 07:52:49


Gurobi 7.0.2 (win64, Python) logging started 07/25/17 07:53:19


Gurobi 7.0.2 (win64, Python) logging started 07/25/17 07:54:26


Gurobi 7.0.2 (win64, Python) logging started 07/25/17 07:59:06


Gurobi 7.0.2 (win64, Python) logging started 07/25/17 07:59:23


Gurobi 7.0.2 (win64, Python) logging started 07/25/17 08:00:26


Gurobi 7.0.2 (win64, Python) logging started 07/25/17 08:00:53


Gurobi 7.0.2 (win64, Python) logging started 07/25/17 08:15:27


Gurobi 7.0.2 (win64, Python) logging started 07/25/17 11:09:00


Gurobi 7.0.2 (win64, Python) logging started 07/25/17 11:10:01


Gurobi 7.0.2 (win64, Python) logging started 07/25/17 11:17:15


Gurobi 7.0.2 (win64, Python) logging started 07/25/17 11:42:49


Gurobi 7.0.2 (win64, Python) logging started 07/25/17 11:43:21


Gurobi 7.0.2 (win64, Python) logging started 07/25/17 11:43:47


Gurobi 7.0.2 (win64, Python) logging started 07/25/17 12:03:03


Gurobi 7.0.2 (win64, Python) logging started 07/25/17 12:03:43


Gurobi 7.0.2 (win64, Python) logging started 07/25/17 12:09:34


Gurobi 7.0.2 (win64, Python) logging started 07/25/17 12:09:51


Gurobi 7.0.2 (win64, Python) logging started 07/25/17 12:10:10

Optimize a model with 24 rows, 27 columns and 76 nonzeros
Variable types: 4 continuous, 23 integer (23 binary)
Coefficient statistics:
  Matrix range     [1e+00, 1e+01]
  Objective range  [1e+01, 3e+01]
  Bounds range     [1e+00, 1e+01]
  RHS range        [1e+00, 1e+01]
Found heuristic solution: objective 94.7871
Presolve removed 0 rows and 7 columns
Presolve time: 0.02s
Presolved: 24 rows, 20 columns, 96 nonzeros
Variable types: 4 continuous, 16 integer (16 binary)

Root relaxation: objective 5.590169e+01, 10 iterations, 0.00 seconds

    Nodes    |    Current Node    |     Objective Bounds      |     Work
 Expl Unexpl |  Obj  Depth IntInf | Incumbent    BestBd   Gap | It/Node Time

     0     0   55.90169    0    8   94.78709   55.90169  41.0%     -    0s
H    0     0                      68.2842712   55.90169  18.1%     -    0s
     0     0   64.72136    0    8   68.28427   64.72136  5.22%     -    0s
     0     0   64.72136    0    8   68.28427   64.72136  5.22%     -    0s
     0     0   65.41143    0    9   68.28427   65.41143  4.21%     -    0s
     0     2   65.41143    0    9   68.28427   65.41143  4.21%     -    0s

Cutting planes:
  Gomory: 1
  Cover: 1
  Clique: 1

Explored 9 nodes (62 simplex iterations) in 0.02 seconds
Thread count was 8 (of 8 available processors)

Solution count 2: 68.2843 94.7871 
Pool objective bound 68.2843

Optimal solution found (tolerance 1.00e-04)
Best objective 6.828427124746e+01, best bound 6.828427124746e+01, gap 0.0000%

Gurobi 7.0.2 (win64, Python) logging started 07/25/17 12:11:41

Optimize a model with 255 rows, 257 columns and 1110 nonzeros
Variable types: 15 continuous, 242 integer (242 binary)
Coefficient statistics:
  Matrix range     [1e+00, 9e+01]
  Objective range  [8e+00, 6e+01]
  Bounds range     [1e+00, 9e+01]
  RHS range        [1e+00, 9e+01]
Found heuristic solution: objective 515.341
Presolve removed 0 rows and 2 columns
Presolve time: 0.00s
Presolved: 255 rows, 255 columns, 2228 nonzeros
Variable types: 15 continuous, 240 integer (240 binary)

Root relaxation: objective 2.030506e+02, 61 iterations, 0.00 seconds

    Nodes    |    Current Node    |     Objective Bounds      |     Work
 Expl Unexpl |  Obj  Depth IntInf | Incumbent    BestBd   Gap | It/Node Time

     0     0  203.05056    0   31  515.34131  203.05056  60.6%     -    0s
H    0     0                     436.3776270  203.05056  53.5%     -    0s
H    0     0                     342.2147901  203.05056  40.7%     -    0s
H    0     0                     296.4502317  203.05056  31.5%     -    0s
     0     0  208.00923    0   30  296.45023  208.00923  29.8%     -    0s
H    0     0                     286.8994786  208.00923  27.5%     -    0s
     0     0  208.00923    0   30  286.89948  208.00923  27.5%     -    0s
     0     0  208.00923    0   30  286.89948  208.00923  27.5%     -    0s
     0     0  208.00923    0   30  286.89948  208.00923  27.5%     -    0s
     0     0  208.00923    0   30  286.89948  208.00923  27.5%     -    0s
H    0     0                     286.7863726  208.00923  27.5%     -    0s
     0     2  208.00923    0   30  286.78637  208.00923  27.5%     -    0s
H 1763  1041                     284.3525533  224.73944  21.0%  10.0    0s
H 1770   995                     282.9464180  224.73944  20.6%  10.0    0s
H 2747  1146                     279.4872814  229.11565  18.0%  10.2    0s
*13986  5313              39     278.9849406  243.68046  12.7%  10.6    1s
*18056  6444              39     278.7262997  246.53227  11.6%  10.6    2s
 38611 10160  262.20837   28   15  278.72630  253.83919  8.93%  10.4    5s
 104488  8697 infeasible   30       278.72630  266.24227  4.48%   9.9   10s

Cutting planes:
  Learned: 2
  Gomory: 1
  Cover: 3
  Implied bound: 12
  Clique: 5
  MIR: 5
  Flow cover: 24

Explored 130483 nodes (1232606 simplex iterations) in 11.72 seconds
Thread count was 8 (of 8 available processors)

Solution count 10: 278.726 278.985 279.487 ... 436.378
Pool objective bound 278.726

Optimal solution found (tolerance 1.00e-04)
Best objective 2.787262997478e+02, best bound 2.787262997478e+02, gap 0.0000%

Gurobi 7.0.2 (win64, Python) logging started 07/25/17 12:14:37

Optimize a model with 24 rows, 27 columns and 76 nonzeros
Variable types: 4 continuous, 23 integer (23 binary)
Coefficient statistics:
  Matrix range     [1e+00, 1e+01]
  Objective range  [1e+01, 3e+01]
  Bounds range     [1e+00, 1e+01]
  RHS range        [1e+00, 1e+01]
Found heuristic solution: objective 94.7871
Presolve removed 0 rows and 7 columns
Presolve time: 0.00s
Presolved: 24 rows, 20 columns, 96 nonzeros
Variable types: 4 continuous, 16 integer (16 binary)

Root relaxation: objective 5.590169e+01, 10 iterations, 0.00 seconds

    Nodes    |    Current Node    |     Objective Bounds      |     Work
 Expl Unexpl |  Obj  Depth IntInf | Incumbent    BestBd   Gap | It/Node Time

     0     0   55.90169    0    8   94.78709   55.90169  41.0%     -    0s
H    0     0                      68.2842712   55.90169  18.1%     -    0s
     0     0   64.72136    0    8   68.28427   64.72136  5.22%     -    0s
     0     0   64.72136    0    8   68.28427   64.72136  5.22%     -    0s
     0     0   65.41143    0    9   68.28427   65.41143  4.21%     -    0s
     0     2   65.41143    0    9   68.28427   65.41143  4.21%     -    0s

Cutting planes:
  Gomory: 1
  Cover: 1
  Clique: 1

Explored 9 nodes (62 simplex iterations) in 0.00 seconds
Thread count was 8 (of 8 available processors)

Solution count 2: 68.2843 94.7871 
Pool objective bound 68.2843

Optimal solution found (tolerance 1.00e-04)
Best objective 6.828427124746e+01, best bound 6.828427124746e+01, gap 0.0000%

Gurobi 7.0.2 (win64, Python) logging started 07/25/17 12:19:33

Optimize a model with 255 rows, 259 columns and 1110 nonzeros
Variable types: 15 continuous, 244 integer (244 binary)
Coefficient statistics:
  Matrix range     [1e+00, 6e+01]
  Objective range  [8e+00, 6e+01]
  Bounds range     [1e+00, 6e+01]
  RHS range        [1e+00, 6e+01]
Found heuristic solution: objective 484.109
Presolve removed 2 rows and 6 columns
Presolve time: 0.00s
Presolved: 253 rows, 253 columns, 2205 nonzeros
Variable types: 15 continuous, 238 integer (238 binary)

Root relaxation: objective 2.061988e+02, 82 iterations, 0.02 seconds

    Nodes    |    Current Node    |     Objective Bounds      |     Work
 Expl Unexpl |  Obj  Depth IntInf | Incumbent    BestBd   Gap | It/Node Time

     0     0  206.19880    0   32  484.10917  206.19880  57.4%     -    0s
H    0     0                     435.7152693  206.19880  52.7%     -    0s
H    0     0                     343.2875830  206.19880  39.9%     -    0s
     0     0  215.74746    0   42  343.28758  215.74746  37.2%     -    0s
     0     0  215.86806    0   43  343.28758  215.86806  37.1%     -    0s
     0     0  220.77343    0   43  343.28758  220.77343  35.7%     -    0s
     0     0  221.15509    0   42  343.28758  221.15509  35.6%     -    0s
     0     0  223.10240    0   47  343.28758  223.10240  35.0%     -    0s
H    0     0                     341.8513274  223.10240  34.7%     -    0s
     0     0  223.73958    0   49  341.85133  223.73958  34.6%     -    0s
     0     0  227.94569    0   47  341.85133  227.94569  33.3%     -    0s
     0     0  228.13457    0   44  341.85133  228.13457  33.3%     -    0s
H    0     0                     335.2886015  228.13457  32.0%     -    0s
     0     0  229.59301    0   45  335.28860  229.59301  31.5%     -    0s
     0     0  229.78263    0   49  335.28860  229.78263  31.5%     -    0s
     0     0  237.02204    0   45  335.28860  237.02204  29.3%     -    0s
     0     0  237.73122    0   45  335.28860  237.73122  29.1%     -    0s
     0     0  239.15061    0   43  335.28860  239.15061  28.7%     -    0s
     0     0  239.23565    0   45  335.28860  239.23565  28.6%     -    0s
     0     0  239.90210    0   42  335.28860  239.90210  28.4%     -    0s
     0     0  240.12177    0   46  335.28860  240.12177  28.4%     -    0s
     0     0  240.15400    0   45  335.28860  240.15400  28.4%     -    0s
     0     0  240.19353    0   46  335.28860  240.19353  28.4%     -    0s
     0     0  240.70003    0   48  335.28860  240.70003  28.2%     -    0s
     0     0  240.88332    0   47  335.28860  240.88332  28.2%     -    0s
     0     0  242.02732    0   46  335.28860  242.02732  27.8%     -    0s
     0     0  242.35591    0   50  335.28860  242.35591  27.7%     -    0s
     0     0  243.58575    0   50  335.28860  243.58575  27.4%     -    0s
     0     0  244.35771    0   48  335.28860  244.35771  27.1%     -    0s
     0     0  245.89634    0   48  335.28860  245.89634  26.7%     -    0s
     0     0  245.90660    0   51  335.28860  245.90660  26.7%     -    0s
     0     0  246.28771    0   55  335.28860  246.28771  26.5%     -    0s
     0     0  247.05901    0   53  335.28860  247.05901  26.3%     -    0s
     0     0  249.40014    0   44  335.28860  249.40014  25.6%     -    0s
     0     0  249.87568    0   47  335.28860  249.87568  25.5%     -    0s
     0     0  250.44644    0   51  335.28860  250.44644  25.3%     -    0s
     0     0  250.78939    0   38  335.28860  250.78939  25.2%     -    0s
     0     0  250.80275    0   48  335.28860  250.80275  25.2%     -    0s
     0     0  250.80275    0   47  335.28860  250.80275  25.2%     -    0s
     0     0  252.06699    0   46  335.28860  252.06699  24.8%     -    0s
     0     0  252.27497    0   50  335.28860  252.27497  24.8%     -    0s
     0     0  252.37319    0   54  335.28860  252.37319  24.7%     -    0s
     0     0  252.37319    0   53  335.28860  252.37319  24.7%     -    0s
     0     2  252.37319    0   51  335.28860  252.37319  24.7%     -    0s
H   71    73                     332.3011448  255.78696  23.0%  26.4    0s
 21513  5013 infeasible   36       332.30114  310.58480  6.54%  15.8    5s

Cutting planes:
  Learned: 1
  Gomory: 6
  Cover: 1
  Implied bound: 30
  Clique: 9
  MIR: 45
  StrongCG: 3
  Flow cover: 37
  GUB cover: 3
  Inf proof: 6
  Zero half: 33

Explored 49006 nodes (661200 simplex iterations) in 8.29 seconds
Thread count was 8 (of 8 available processors)

Solution count 6: 332.301 335.289 341.851 ... 484.109
Pool objective bound 332.301

Optimal solution found (tolerance 1.00e-04)
Best objective 3.323011448225e+02, best bound 3.323011448225e+02, gap 0.0000%

Gurobi 7.0.2 (win64, Python) logging started 07/25/17 12:20:24

Optimize a model with 10200 rows, 10209 columns and 49900 nonzeros
Variable types: 100 continuous, 10109 integer (10109 binary)
Coefficient statistics:
  Matrix range     [1e+00, 2e+02]
  Objective range  [1e+00, 1e+02]
  Bounds range     [1e+00, 2e+02]
  RHS range        [1e+00, 2e+02]

Gurobi 7.0.2 (win64, Python) logging started 07/25/17 14:45:16

Optimize a model with 255 rows, 257 columns and 1110 nonzeros
Variable types: 15 continuous, 242 integer (242 binary)
Coefficient statistics:
  Matrix range     [1e+00, 9e+01]
  Objective range  [8e+00, 6e+01]
  Bounds range     [1e+00, 9e+01]
  RHS range        [1e+00, 9e+01]
Found heuristic solution: objective 515.341
Presolve removed 0 rows and 2 columns
Presolve time: 0.00s
Presolved: 255 rows, 255 columns, 2228 nonzeros
Variable types: 15 continuous, 240 integer (240 binary)

Root relaxation: objective 2.030506e+02, 61 iterations, 0.00 seconds

    Nodes    |    Current Node    |     Objective Bounds      |     Work
 Expl Unexpl |  Obj  Depth IntInf | Incumbent    BestBd   Gap | It/Node Time

     0     0  203.05056    0   31  515.34131  203.05056  60.6%     -    0s
H    0     0                     436.3776270  203.05056  53.5%     -    0s
H    0     0                     342.2147901  203.05056  40.7%     -    0s
H    0     0                     296.4502317  203.05056  31.5%     -    0s
     0     0  208.00923    0   30  296.45023  208.00923  29.8%     -    0s
H    0     0                     286.8994786  208.00923  27.5%     -    0s
     0     0  208.00923    0   30  286.89948  208.00923  27.5%     -    0s
     0     0  208.00923    0   30  286.89948  208.00923  27.5%     -    0s
     0     0  208.00923    0   30  286.89948  208.00923  27.5%     -    0s
     0     0  208.00923    0   30  286.89948  208.00923  27.5%     -    0s
H    0     0                     286.7863726  208.00923  27.5%     -    0s
     0     2  208.00923    0   30  286.78637  208.00923  27.5%     -    0s
H 1763  1041                     284.3525533  224.73944  21.0%  10.0    0s
H 1770   995                     282.9464180  224.73944  20.6%  10.0    0s
H 2747  1146                     279.4872814  229.11565  18.0%  10.2    0s
*13986  5313              39     278.9849406  243.68046  12.7%  10.6    1s
*18056  6444              39     278.7262997  246.53227  11.6%  10.6    2s
 37774 10045  259.48945   28   25  278.72630  253.56229  9.03%  10.4    5s
 102185  9245     cutoff   35       278.72630  265.88599  4.61%   9.9   10s

Cutting planes:
  Learned: 2
  Gomory: 1
  Cover: 3
  Implied bound: 12
  Clique: 5
  MIR: 5
  Flow cover: 24

Explored 130483 nodes (1232606 simplex iterations) in 12.44 seconds
Thread count was 8 (of 8 available processors)

Solution count 10: 278.726 278.985 279.487 ... 436.378
Pool objective bound 278.726

Optimal solution found (tolerance 1.00e-04)
Best objective 2.787262997478e+02, best bound 2.787262997478e+02, gap 0.0000%

Gurobi 7.0.2 (win64, Python) logging started 07/25/17 14:46:54

Optimize a model with 899 rows, 901 columns and 4176 nonzeros
Variable types: 29 continuous, 872 integer (872 binary)
Coefficient statistics:
  Matrix range     [1e+00, 5e+03]
  Objective range  [1e+00, 1e+02]
  Bounds range     [1e+00, 5e+03]
  RHS range        [1e+00, 5e+03]
Found heuristic solution: objective 1799.68
Presolve removed 2 rows and 4 columns
Presolve time: 0.00s
Presolved: 897 rows, 897 columns, 4166 nonzeros
Variable types: 29 continuous, 868 integer (868 binary)

Root relaxation: objective 2.811006e+02, 94 iterations, 0.00 seconds

    Nodes    |    Current Node    |     Objective Bounds      |     Work
 Expl Unexpl |  Obj  Depth IntInf | Incumbent    BestBd   Gap | It/Node Time

     0     0  281.10058    0   53 1799.67875  281.10058  84.4%     -    0s
H    0     0                     948.1891929  281.10058  70.4%     -    0s
H    0     0                     625.3370444  281.10058  55.0%     -    0s
     0     0  301.71679    0   59  625.33704  301.71679  51.8%     -    0s
     0     0  303.99824    0   59  625.33704  303.99824  51.4%     -    0s
     0     0  304.55906    0   58  625.33704  304.55906  51.3%     -    0s
     0     0  304.55906    0   58  625.33704  304.55906  51.3%     -    0s
     0     0  304.55906    0   58  625.33704  304.55906  51.3%     -    0s
H    0     0                     563.5305470  304.55906  46.0%     -    0s
     0     0  304.55906    0   58  563.53055  304.55906  46.0%     -    0s
     0     0  305.17134    0   61  563.53055  305.17134  45.8%     -    0s
H    0     0                     548.6894830  305.17134  44.4%     -    0s
     0     0  305.17134    0   61  548.68948  305.17134  44.4%     -    0s
     0     0  305.17134    0   61  548.68948  305.17134  44.4%     -    0s
     0     0  305.17134    0   61  548.68948  305.17134  44.4%     -    0s
     0     2  305.17134    0   61  548.68948  305.17134  44.4%     -    0s
H   32    31                     548.2014559  315.45065  42.5%  11.1    0s
H   33    32                     528.2735191  315.45065  40.3%  10.9    0s
H 1051   864                     526.1661191  330.75378  37.1%   6.3    1s
H 1054   822                     524.9043732  332.03271  36.7%   6.3    1s
H 1054   781                     522.7969732  332.18477  36.5%   6.3    1s
  6203  4390  359.31902   49   46  522.79697  336.64043  35.6%  10.1    5s
H14375 11154                     520.3270965  339.49898  34.8%  10.6    7s
H14382 11156                     520.2759015  339.49898  34.7%  10.6    8s
 19798 15679  440.94780   74   39  520.27590  340.65075  34.5%  10.8   10s
 21004 16656  404.45397   54   61  520.27590  340.78569  34.5%  10.9   16s
H21011 15827                     519.7878744  340.78569  34.4%  10.9   17s
 22599 16673  475.02190  147   51  519.78787  340.78569  34.4%  11.1   20s
H34331 22126                     519.5733568  341.05150  34.4%  10.9   24s
 35703 22839  391.45765  117   56  519.57336  341.55194  34.3%  10.9   25s
 53843 32307  467.08361   80   48  519.57336  344.48882  33.7%  10.7   30s
 72164 43760  492.72594   78   36  519.57336  346.25628  33.4%  10.6   35s
 89158 57948  432.87504  128   50  519.57336  347.44553  33.1%  10.6   40s
 105974 72049  484.51352   57   44  519.57336  348.35608  33.0%  10.5   45s
 123922 86989  391.01768   54   48  519.57336  349.22511  32.8%  10.4   50s
 140848 100827  417.76066   67   39  519.57336  349.93153  32.7%  10.3   55s
 157312 114355     cutoff   79       519.57336  350.57668  32.5%  10.3   60s
 174454 128437  477.88092  118   35  519.57336  351.19077  32.4%  10.3   65s
 192627 143246  489.93669  149   49  519.57336  351.77312  32.3%  10.3   70s
 212863 159703  371.87746   56   40  519.57336  352.36912  32.2%  10.2   75s
 232865 175634  424.46043   73   54  519.57336  352.94873  32.1%  10.2   80s
 252557 191536  473.96760   87   53  519.57336  353.43659  32.0%  10.2   85s
 272598 207638  470.86256   70   53  519.57336  353.88218  31.9%  10.2   90s
 290622 222194  471.22205  100   47  519.57336  354.25428  31.8%  10.2   95s
 309433 237270  453.83511   61   48  519.57336  354.58052  31.8%  10.2  100s
 328685 252890  363.50598   36   42  519.57336  354.96251  31.7%  10.2  105s
 347764 268484  379.45296   53   50  519.57336  355.28717  31.6%  10.2  110s
 366927 283725  500.74035   82   37  519.57336  355.62144  31.6%  10.2  115s
 383385 297079  472.82935  106   55  519.57336  355.85051  31.5%  10.2  120s
 401769 311823  388.76665   54   53  519.57336  356.15472  31.5%  10.2  125s
 418768 325536  503.06492   98   31  519.57336  356.38730  31.4%  10.2  130s
 436698 339667  419.63417   46   44  519.57336  356.62052  31.4%  10.2  135s
 454555 353926  421.19351   74   52  519.57336  356.88263  31.3%  10.2  140s
 471725 367629  398.93620   69   52  519.57336  357.10303  31.3%  10.2  145s
 488687 381159  374.54245   57   53  519.57336  357.32863  31.2%  10.2  150s
 505685 394748  477.35728  170   43  519.57336  357.54170  31.2%  10.2  155s
 523408 408859  367.94740   45   51  519.57336  357.73124  31.1%  10.2  160s
 541911 423586  459.81418   85   48  519.57336  357.94646  31.1%  10.2  165s
 560230 438167  488.66746   73   43  519.57336  358.15882  31.1%  10.2  170s
 578109 452383  506.83990   66   53  519.57336  358.34348  31.0%  10.2  175s
 594585 465449  459.49138   50   43  519.57336  358.52168  31.0%  10.2  180s
H596667 458042                     514.2740248  358.54691  30.3%  10.2  180s
H609708 464776                     512.7619490  358.68265  30.0%  10.2  184s
 612417 466946  477.75043  106   40  512.76195  358.70412  30.0%  10.2  185s
H626320 475880                     511.9425795  358.83798  29.9%  10.2  188s
 630542 479060  470.60048  107   45  511.94258  358.88916  29.9%  10.2  190s
H637775 480415                     510.2295276  358.97186  29.6%  10.2  192s
H642318 479741                     508.5686397  359.02236  29.4%  10.2  193s
 647179 483501  421.17499   45   46  508.56864  359.08486  29.4%  10.2  195s
 664665 497114  368.48005   42   42  508.56864  359.27786  29.4%  10.2  200s
 682684 511282  467.05136   86   26  508.56864  359.45529  29.3%  10.2  205s
 701474 525790  387.86994   45   48  508.56864  359.63681  29.3%  10.2  210s
 716604 537455  379.47507   40   54  508.56864  359.78477  29.3%  10.2  215s
 731776 549296  402.34019   61   45  508.56864  359.93090  29.2%  10.2  220s
 748110 561818  367.30834   44   45  508.56864  360.09802  29.2%  10.2  225s
 763578 573792  436.19954   49   36  508.56864  360.25609  29.2%  10.2  230s
 779425 586015 infeasible   47       508.56864  360.41245  29.1%  10.2  235s

Gurobi 7.0.2 (win64, Python) logging started 07/25/17 14:51:12

Optimize a model with 440 rows, 443 columns and 1980 nonzeros
Variable types: 20 continuous, 423 integer (423 binary)
Coefficient statistics:
  Matrix range     [1e+00, 9e+01]
  Objective range  [6e+00, 6e+01]
  Bounds range     [1e+00, 9e+01]
  RHS range        [1e+00, 9e+01]
Found heuristic solution: objective 673.266
Presolve removed 0 rows and 3 columns
Presolve time: 0.02s
Presolved: 440 rows, 440 columns, 1980 nonzeros
Variable types: 20 continuous, 420 integer (420 binary)

Root relaxation: objective 2.480671e+02, 87 iterations, 0.00 seconds

    Nodes    |    Current Node    |     Objective Bounds      |     Work
 Expl Unexpl |  Obj  Depth IntInf | Incumbent    BestBd   Gap | It/Node Time

     0     0  248.06712    0   35  673.26557  248.06712  63.2%     -    0s
H    0     0                     660.9974244  248.06712  62.5%     -    0s
H    0     0                     430.5624650  248.06712  42.4%     -    0s
     0     0  255.26259    0   39  430.56246  255.26259  40.7%     -    0s
     0     0  255.39701    0   44  430.56246  255.39701  40.7%     -    0s
     0     0  255.43270    0   41  430.56246  255.43270  40.7%     -    0s
H    0     0                     412.0103108  255.43270  38.0%     -    0s
     0     0  255.68873    0   40  412.01031  255.68873  37.9%     -    0s
     0     0  255.71866    0   43  412.01031  255.71866  37.9%     -    0s
H    0     0                     400.2463548  255.71866  36.1%     -    0s
     0     0  256.56314    0   41  400.24635  256.56314  35.9%     -    0s
     0     0  256.90986    0   49  400.24635  256.90986  35.8%     -    0s
     0     0  256.93220    0   50  400.24635  256.93220  35.8%     -    0s
     0     0  258.04425    0   46  400.24635  258.04425  35.5%     -    0s
     0     0  258.06936    0   40  400.24635  258.06936  35.5%     -    0s
     0     0  258.06936    0   40  400.24635  258.06936  35.5%     -    0s
     0     0  258.06936    0   40  400.24635  258.06936  35.5%     -    0s
     0     0  258.07156    0   49  400.24635  258.07156  35.5%     -    0s
     0     0  258.07156    0   49  400.24635  258.07156  35.5%     -    0s
H    0     2                     399.3630357  258.07156  35.4%     -    0s
     0     2  258.07156    0   49  399.36304  258.07156  35.4%     -    0s
H   33    34                     384.8013166  261.19284  32.1%  16.7    0s
H 1073   909                     373.1909783  262.11651  29.8%   9.1    1s
H 1075   866                     368.7522132  262.11651  28.9%   9.1    1s
 14602 10428  318.78044   28   40  368.75221  278.82324  24.4%  13.0    5s
 29626 20916  336.26818   44   49  368.75221  285.16143  22.7%  13.0   10s
H29643 19880                     367.4617589  285.16143  22.4%  13.0   12s
 36062 22822  307.36486   37   38  367.46176  285.16143  22.4%  12.9   15s
 77134 38881  322.39022   44   34  367.46176  294.38322  19.9%  11.5   20s
 122689 65924  313.78146   46   36  367.46176  300.19774  18.3%  11.0   25s
H141639 78679                     366.4550365  301.62017  17.7%  10.8   27s
 164188 93538  324.34029   39   28  366.45504  303.04399  17.3%  10.7   30s
*202526 117618              80     364.0018869  305.06668  16.2%  10.6   33s
 210507 122521  322.79575   56   25  364.00189  305.41939  16.1%  10.5   35s
 257867 152109  325.58219   45   34  364.00189  307.24182  15.6%  10.5   40s
 302807 179148  336.31504   50   30  364.00189  308.61747  15.2%  10.4   45s
 342699 202405  320.72692   44   36  364.00189  309.68942  14.9%  10.3   50s
 385820 227762     cutoff   48       364.00189  310.62849  14.7%  10.3   55s
H393963 230794                     362.2714829  310.80709  14.2%  10.3   56s
 422979 247007  346.80508   52   30  362.27148  311.40937  14.0%  10.3   60s
 467126 271563  337.54275   57   32  362.27148  312.26609  13.8%  10.2   65s
 509856 295517  352.31993   51   30  362.27148  312.96741  13.6%  10.2   70s
 550238 316120  333.37444   45   32  362.27148  313.60187  13.4%  10.2   75s
 589388 336306  346.99670   38   22  362.27148  314.15181  13.3%  10.2   80s
 630232 356669  356.90629   55   15  362.27148  314.70929  13.1%  10.2   85s
 671519 377425  347.11065   56   23  362.27148  315.22202  13.0%  10.2   90s
 712140 397279  333.69266   54   36  362.27148  315.71684  12.9%  10.2   95s
 752284 416964  344.37976   48   25  362.27148  316.15471  12.7%  10.2  100s
 793195 436373  339.38934   46   28  362.27148  316.61287  12.6%  10.2  105s
 829751 454412  345.90399   39   26  362.27148  316.96863  12.5%  10.2  110s
 869319 473163  352.26432   50   18  362.27148  317.36929  12.4%  10.2  115s
 910635 492176  333.73221   46   20  362.27148  317.75556  12.3%  10.2  120s
 949337 509774  339.08189   45   26  362.27148  318.10672  12.2%  10.2  125s
 987705 526661  357.99171   48   34  362.27148  318.43707  12.1%  10.2  130s
 1017679 539201     cutoff   57       362.27148  318.68466  12.0%  10.2  135s
 1051012 552844  360.82067   59   22  362.27148  318.96655  12.0%  10.2  140s
 1086218 565709  322.17604   32   30  362.27148  319.25825  11.9%  10.2  145s
 1124308 578592  334.52801   42   37  362.27148  319.57284  11.8%  10.3  150s
 1162129 591028  361.80783   59   23  362.27148  319.88323  11.7%  10.3  155s
 1201626 603449  331.81596   42   30  362.27148  320.19977  11.6%  10.4  160s
 1240560 615310  337.21526   51   27  362.27148  320.50341  11.5%  10.4  165s
 1277888 625747 infeasible   50       362.27148  320.77923  11.5%  10.5  170s
 1315796 635958  350.32494   47   29  362.27148  321.07019  11.4%  10.5  175s
 1350812 645052  356.71016   54   23  362.27148  321.32822  11.3%  10.5  180s
 1388384 654919 infeasible   60       362.27148  321.60555  11.2%  10.6  185s
 1422784 663903  354.20085   46   23  362.27148  321.84352  11.2%  10.6  190s
 1459266 673485  324.40762   40   27  362.27148  322.09012  11.1%  10.6  195s
 1498640 683532  337.56234   46   29  362.27148  322.35230  11.0%  10.7  200s
 1538844 693619  346.20468   48   41  362.27148  322.60059  11.0%  10.7  205s
 1573495 702441  345.27628   47   29  362.27148  322.80678  10.9%  10.7  210s
 1611615 711840  346.92182   59   31  362.27148  323.03757  10.8%  10.7  215s
 1651833 721577  360.99745   47   35  362.27148  323.27084  10.8%  10.8  220s
 1691235 731079  342.45391   47   31  362.27148  323.49507  10.7%  10.8  225s
 1726376 739471     cutoff   37       362.27148  323.69588  10.6%  10.8  230s
 1764136 748446 infeasible   53       362.27148  323.90274  10.6%  10.8  235s
 1804459 757833  352.28393   80   21  362.27148  324.11692  10.5%  10.8  240s
 1842826 766814  355.42352   59   16  362.27148  324.32581  10.5%  10.9  245s
 1882622 776287  346.05448   95   20  362.27148  324.53200  10.4%  10.9  250s
 1918057 784226  359.11785   42   21  362.27148  324.70537  10.4%  10.9  255s
 1957227 792966     cutoff   49       362.27148  324.89727  10.3%  10.9  260s
 1997619 801852  340.66363   41   19  362.27148  325.09797  10.3%  10.9  265s
 2035617 810226  335.42750   42   29  362.27148  325.27968  10.2%  10.9  270s
 2074946 818579  341.20458   47   18  362.27148  325.45888  10.2%  10.9  275s
 2114156 827183  331.36863   36   34  362.27148  325.64747  10.1%  11.0  280s
 2150650 834710  339.05186   57   29  362.27148  325.81802  10.1%  11.0  285s
 2189910 842626  353.72408   49   29  362.27148  325.99274  10.0%  11.0  290s
 2224243 849674  337.27421   40   27  362.27148  326.14642  10.0%  11.0  295s
 2252890 855558  359.06506   55   28  362.27148  326.27497  9.94%  11.0  300s
 2281537 861253  335.41116   41   27  362.27148  326.40279  9.90%  11.0  305s
 2312402 867715  359.54115   49   25  362.27148  326.53694  9.86%  11.0  310s
 2344766 874046  335.84942   43   25  362.27148  326.67712  9.83%  11.0  315s
 2372616 879716  337.65098   45   28  362.27148  326.79477  9.79%  11.0  320s
 2405298 886226  341.16676   41   22  362.27148  326.93404  9.75%  11.0  325s
 2446433 894460     cutoff   41       362.27148  327.10609  9.71%  11.0  330s
 2487434 902235  343.41193   46   31  362.27148  327.27057  9.66%  11.0  335s
 2528492 910186  341.86616   56   21  362.27148  327.43636  9.62%  11.1  340s
 2566913 917745     cutoff   58       362.27148  327.58471  9.57%  11.1  345s
 2607828 925383  348.01968   55   20  362.27148  327.74029  9.53%  11.1  350s
*2640028 917141              51     359.7668564  327.86035  8.87%  11.1  354s
 2645390 917960 infeasible   49       359.76686  327.88177  8.86%  11.1  355s
 2687499 924337 infeasible   60       359.76686  328.04969  8.82%  11.1  360s
H2698394 914383                     358.4022742  328.09401  8.46%  11.1  361s
 2728698 918041  341.55809   40   25  358.40227  328.22364  8.42%  11.1  365s
 2766328 922530  357.06890   49   15  358.40227  328.38052  8.38%  11.1  370s
 2804740 926935  346.82460   61   29  358.40227  328.53813  8.33%  11.1  375s
 2844929 931134  332.33044   58   19  358.40227  328.70556  8.29%  11.1  380s
 2884931 935839 infeasible   47       358.40227  328.87092  8.24%  11.1  385s
 2921520 939869  342.84410   37   31  358.40227  329.01541  8.20%  11.1  390s
 2961714 944074  350.60318   51   19  358.40227  329.17384  8.16%  11.1  395s
 3003786 948638     cutoff   63       358.40227  329.33473  8.11%  11.1  400s
 3043081 952753  352.66084   45   19  358.40227  329.48500  8.07%  11.1  405s
 3080539 956711  336.90312   47   23  358.40227  329.63029  8.03%  11.1  410s
 3122612 960944 infeasible   46       358.40227  329.78079  7.99%  11.1  415s
 3165585 965180  349.24171   57   18  358.40227  329.94676  7.94%  11.1  420s
 3200165 968533     cutoff   53       358.40227  330.07140  7.90%  11.1  425s
 3242220 972545  330.70100   42   21  358.40227  330.22288  7.86%  11.1  430s
 3284268 976625 infeasible   49       358.40227  330.37328  7.82%  11.1  435s
 3327244 980479  351.44045   52   24  358.40227  330.52555  7.78%  11.1  440s
 3369373 984367  352.82990   48   26  358.40227  330.67707  7.74%  11.1  445s
 3407483 987634  345.24112   53   18  358.40227  330.81081  7.70%  11.1  450s
 3440542 990451  346.46090   62   13  358.40227  330.92607  7.67%  11.1  455s
 3473278 993101  346.07028   43   14  358.40227  331.04275  7.63%  11.1  460s
 3511763 996145  334.29798   44   31  358.40227  331.17487  7.60%  11.1  465s
 3550039 999399  342.82726   47   27  358.40227  331.30284  7.56%  11.1  470s
 3587135 1002510 infeasible   57       358.40227  331.42355  7.53%  11.1  475s
 3617053 1005027  337.62212   46   26  358.40227  331.52259  7.50%  11.1  480s
 3655088 1007999  346.00621   49   26  358.40227  331.64723  7.47%  11.2  485s
 3693347 1010837  333.68361   66   38  358.40227  331.77212  7.43%  11.2  490s
 3732603 1013719     cutoff   55       358.40227  331.89931  7.39%  11.2  495s
 3773433 1016485  341.50235   46   31  358.40227  332.02903  7.36%  11.2  500s
 3815636 1019380  345.61638   50   24  358.40227  332.16142  7.32%  11.2  505s
 3850795 1021815     cutoff   48       358.40227  332.27163  7.29%  11.2  510s
 3888085 1024269  344.83066   54   19  358.40227  332.39088  7.26%  11.2  515s
 3923418 1026567  344.00269   48   29  358.40227  332.50164  7.23%  11.2  520s
 3962546 1028921     cutoff   46       358.40227  332.61940  7.19%  11.2  525s
 3997935 1031140  348.60439   48   24  358.40227  332.72914  7.16%  11.2  530s
 4035296 1033307  344.99874   45   36  358.40227  332.84229  7.13%  11.1  535s
 4070634 1035262     cutoff   50       358.40227  332.94999  7.10%  11.1  540s
 4107061 1037395     cutoff   54       358.40227  333.05737  7.07%  11.1  545s
 4147980 1039765 infeasible   42       358.40227  333.17705  7.04%  11.1  550s
 4186276 1041935  351.94585   54   14  358.40227  333.29503  7.01%  11.1  555s
 4223507 1043638  352.21658   45   35  358.40227  333.40811  6.97%  11.1  560s
 4260832 1045686  356.03782   48   18  358.40227  333.51688  6.94%  11.1  565s
 4294404 1047379  350.23257   70   27  358.40227  333.61272  6.92%  11.1  570s
 4330715 1049104 infeasible   58       358.40227  333.71948  6.89%  11.1  575s
 4368482 1051119 infeasible   56       358.40227  333.82625  6.86%  11.1  580s
 4403565 1052730 infeasible   47       358.40227  333.92259  6.83%  11.1  585s
 4437710 1054276  339.44834   63   18  358.40227  334.01817  6.80%  11.1  590s
 4470243 1055700  358.22294   44   15  358.40227  334.11231  6.78%  11.1  595s
 4498052 1056909  345.45241   44   13  358.40227  334.18983  6.76%  11.1  600s
 4529685 1058246 infeasible   48       358.40227  334.27596  6.73%  11.1  605s
 4561013 1059400     cutoff   47       358.40227  334.36227  6.71%  11.1  610s
 4592442 1060756     cutoff   47       358.40227  334.44805  6.68%  11.1  615s
 4622846 1061914  352.81905   53   20  358.40227  334.53267  6.66%  11.1  620s
 4663305 1063128     cutoff   51       358.40227  334.64402  6.63%  11.1  625s
 4702532 1064584     cutoff   53       358.40227  334.74982  6.60%  11.1  630s
 4740483 1066091     cutoff   50       358.40227  334.84844  6.57%  11.1  635s
 4782645 1067425 infeasible   39       358.40227  334.95760  6.54%  11.1  640s
 4818940 1068315  346.93321   54   17  358.40227  335.05324  6.51%  11.1  645s
 4858983 1069452     cutoff   60       358.40227  335.15994  6.48%  11.1  650s
 4897690 1070532  339.16298   47   34  358.40227  335.26156  6.46%  11.1  655s
 4938478 1071438  351.04638   46   18  358.40227  335.36474  6.43%  11.1  660s
 4978542 1072507     cutoff   40       358.40227  335.46894  6.40%  11.1  665s
 5020389 1073571  347.01686   53   20  358.40227  335.57352  6.37%  11.1  670s
 5058498 1074649  344.97276   46   37  358.40227  335.66941  6.34%  11.1  675s
 5098715 1075494  349.39059   56   22  358.40227  335.76852  6.32%  11.1  680s
 5140826 1076490 infeasible   49       358.40227  335.87422  6.29%  11.1  685s
 5178406 1076973  347.36333   46   26  358.40227  335.96922  6.26%  11.1  690s
 5218915 1077642 infeasible   43       358.40227  336.07057  6.23%  11.1  695s
 5260953 1078323  354.78576   50   26  358.40227  336.17710  6.20%  11.1  700s
 5302571 1078719     cutoff   64       358.40227  336.28016  6.17%  11.1  705s
 5343431 1079116  350.37851   58   15  358.40227  336.38002  6.14%  11.1  710s
 5381610 1079341     cutoff   63       358.40227  336.47354  6.12%  11.1  715s
 5418023 1079432  346.04951   38   36  358.40227  336.56185  6.09%  11.1  720s
 5458641 1079540     cutoff   52       358.40227  336.65933  6.07%  11.1  725s
 5501430 1079538 infeasible   53       358.40227  336.76707  6.04%  11.1  730s
 5542258 1079626  350.14107   62   18  358.40227  336.86650  6.01%  11.1  735s
 5583751 1079408  337.41717   63   16  358.40227  336.96843  5.98%  11.1  740s
 5620780 1079293  348.12788   52   32  358.40227  337.05628  5.96%  11.1  745s
 5663290 1079297  345.53985   49   31  358.40227  337.15486  5.93%  11.1  750s
 5702396 1079305     cutoff   44       358.40227  337.24839  5.90%  11.1  755s
 5744768 1078848  356.53590   48   13  358.40227  337.34943  5.87%  11.1  760s
 5786507 1078466     cutoff   44       358.40227  337.44793  5.85%  11.1  765s
 5825950 1078284     cutoff   70       358.40227  337.53654  5.82%  11.1  770s
 5866526 1077762 infeasible   52       358.40227  337.63255  5.80%  11.1  775s
 5906749 1076855  351.25953   40   27  358.40227  337.72593  5.77%  11.1  780s
 5947255 1075873 infeasible   62       358.40227  337.81993  5.74%  11.1  785s
 5987769 1074942     cutoff   74       358.40227  337.91541  5.72%  11.1  790s
 6021627 1074148  347.67422   53   29  358.40227  337.99320  5.69%  11.1  795s
 6062970 1072981  341.82790   46   25  358.40227  338.08945  5.67%  11.1  800s
 6098757 1071990     cutoff   64       358.40227  338.17160  5.64%  11.1  805s
 6134326 1070921     cutoff   46       358.40227  338.25396  5.62%  11.1  810s
 6172675 1069809  339.06951   36   28  358.40227  338.34055  5.60%  11.1  815s
 6210169 1068739  342.64410   47   24  358.40227  338.42650  5.57%  11.1  820s
 6250400 1067393  357.45572   43   32  358.40227  338.51851  5.55%  11.1  825s
 6288860 1066058     cutoff   50       358.40227  338.60424  5.52%  11.0  830s
 6330819 1064520     cutoff   64       358.40227  338.69754  5.50%  11.0  835s
 6372914 1062821  346.59911   41   35  358.40227  338.79530  5.47%  11.0  840s
 6408551 1061364     cutoff   76       358.40227  338.87798  5.45%  11.0  845s
 6449692 1059686  355.03057   48   30  358.40227  338.97059  5.42%  11.0  850s
 6486609 1057989     cutoff   59       358.40227  339.05485  5.40%  11.0  855s
 6520958 1056283  350.84527   42   24  358.40227  339.13286  5.38%  11.0  860s
 6552771 1054599 infeasible   49       358.40227  339.20374  5.36%  11.0  865s
 6589781 1052697  349.05978   53   28  358.40227  339.28712  5.33%  11.0  870s
 6624890 1051010 infeasible   52       358.40227  339.36620  5.31%  11.0  875s
 6659774 1049246 infeasible   49       358.40227  339.44182  5.29%  11.0  880s
 6694913 1047287     cutoff   44       358.40227  339.51974  5.27%  11.0  885s
 6719505 1045760 infeasible  104       358.40227  339.57591  5.25%  11.0  890s
 6746168 1044278     cutoff   47       358.40227  339.63609  5.24%  11.0  895s
 6771758 1042693  349.25862   51   26  358.40227  339.69429  5.22%  11.0  900s
 6799423 1041160  357.13898   42   29  358.40227  339.75488  5.20%  11.0  905s
 6827087 1039592  346.64328   47   25  358.40227  339.81368  5.19%  11.0  910s
 6854878 1037991     cutoff   40       358.40227  339.87408  5.17%  11.0  915s
 6884779 1035839     cutoff   56       358.40227  339.94192  5.15%  11.0  920s
 6913885 1033939     cutoff   45       358.40227  340.00584  5.13%  11.0  925s
 6945869 1031831  340.55376   42   22  358.40227  340.07691  5.11%  11.0  930s
 6974165 1030049     cutoff   51       358.40227  340.13921  5.10%  11.0  935s
 6995685 1028475  341.02950   42   26  358.40227  340.18692  5.08%  11.0  940s
 7024716 1026301     cutoff   61       358.40227  340.24986  5.06%  11.0  945s
 7056700 1024054  345.55168   48   38  358.40227  340.32115  5.04%  11.0  950s
 7085573 1021984 infeasible   44       358.40227  340.38449  5.03%  11.0  955s
 7116126 1019671  358.14479   52   21  358.40227  340.45229  5.01%  11.0  960s
 7148476 1017069  349.50100   49   25  358.40227  340.52495  4.99%  11.0  965s
 7179833 1014752     cutoff   65       358.40227  340.59505  4.97%  11.0  970s
 7212303 1012294 infeasible   48       358.40227  340.66616  4.95%  11.0  975s
 7250728 1009110  343.09896   41   31  358.40227  340.75318  4.92%  11.0  980s
 7290343 1005922  357.15793   68   23  358.40227  340.83857  4.90%  11.0  985s
 7327958 1002670  348.38986   52   28  358.40227  340.92266  4.88%  11.0  990s
 7366261 999435     cutoff   42       358.40227  341.00803  4.85%  11.0  995s
 7404525 995983  346.22347   41   34  358.40227  341.09247  4.83%  11.0 1000s
 7442396 992565  345.04087   50   25  358.40227  341.17556  4.81%  11.0 1005s
 7475664 989637 infeasible   46       358.40227  341.24781  4.79%  11.0 1010s
 7507436 986624     cutoff   80       358.40227  341.31724  4.77%  10.9 1015s
 7535285 983894 infeasible   52       358.40227  341.37872  4.75%  10.9 1020s
 7568627 980673  347.66542   54   29  358.40227  341.45233  4.73%  10.9 1025s
 7603620 977178 infeasible   61       358.40227  341.52845  4.71%  10.9 1030s
 7642016 973377  348.53294   43   26  358.40227  341.60979  4.69%  10.9 1035s
 7680844 969296  343.06627   78   30  358.40227  341.69480  4.66%  10.9 1040s
 7719933 965308     cutoff   48       358.40227  341.77995  4.64%  10.9 1045s
 7752726 961791  355.74074   48   16  358.40227  341.85329  4.62%  10.9 1050s
 7787041 957939 infeasible   50       358.40227  341.92944  4.60%  10.9 1055s
 7817948 954611     cutoff   57       358.40227  341.99714  4.58%  10.9 1060s
 7856544 950268  352.61771   49   20  358.40227  342.08250  4.55%  10.9 1065s
 7888346 946694     cutoff   46       358.40227  342.15205  4.53%  10.9 1070s
 7919527 943152  346.16827   42   28  358.40227  342.22218  4.51%  10.9 1075s
 7952530 939248     cutoff   70       358.40227  342.29552  4.49%  10.9 1080s
 7988993 934949  347.43100   95   18  358.40227  342.37536  4.47%  10.9 1085s
 8024130 930807  346.42470   50   22  358.40227  342.45562  4.45%  10.9 1090s
 8060533 926420  346.69111   48   32  358.40227  342.53445  4.43%  10.9 1095s
 8096540 921961 infeasible   62       358.40227  342.61499  4.40%  10.9 1100s
 8136258 916886     cutoff   67       358.40227  342.70491  4.38%  10.9 1105s
 8175562 911836     cutoff   48       358.40227  342.79392  4.35%  10.9 1110s
 8213756 906961  346.24041   46   30  358.40227  342.87756  4.33%  10.9 1115s
 8250117 902013 infeasible   52       358.40227  342.95955  4.31%  10.9 1120s
 8283343 897555 infeasible   42       358.40227  343.03347  4.29%  10.9 1125s
 8321878 892254 infeasible   49       358.40227  343.12035  4.26%  10.9 1130s
 8360094 886914 infeasible   60       358.40227  343.20758  4.24%  10.9 1135s
 8395866 881690 infeasible   44       358.40227  343.28970  4.22%  10.8 1140s
 8433628 876449  351.13367   46   32  358.40227  343.37358  4.19%  10.8 1145s
 8472710 870752  346.82249   53   27  358.40227  343.46422  4.17%  10.8 1150s
 8508517 865710     cutoff   48       358.40227  343.54501  4.15%  10.8 1155s
 8545272 860206  346.16951   43   32  358.40227  343.63081  4.12%  10.8 1160s
 8578756 854973  346.53491   67   36  358.40227  343.70777  4.10%  10.8 1165s
 8616034 849312  347.37738   47   39  358.40227  343.79462  4.08%  10.8 1170s
 8651508 843824  349.78133   58   16  358.40227  343.87746  4.05%  10.8 1175s
 8680296 839455 infeasible   44       358.40227  343.94342  4.03%  10.8 1180s
 8709773 834672  349.42665   46   24  358.40227  344.01356  4.01%  10.8 1185s
 8737621 830136  347.66412   48   15  358.40227  344.08056  4.00%  10.8 1190s
 8765821 825465  357.17272   46   31  358.40227  344.14795  3.98%  10.8 1195s
 8795881 820226  344.80553   67   21  358.40227  344.22089  3.96%  10.8 1200s
 8825067 815415     cutoff   42       358.40227  344.28936  3.94%  10.8 1205s
 8856561 810115 infeasible   67       358.40227  344.36405  3.92%  10.8 1210s
 8884234 805248  347.90408   43   26  358.40227  344.42994  3.90%  10.8 1215s
 8912195 800449  354.41336   47   28  358.40227  344.49714  3.88%  10.8 1220s
 8944657 794807     cutoff   49       358.40227  344.57431  3.86%  10.8 1225s
 8972071 790057     cutoff   38       358.40227  344.63938  3.84%  10.8 1230s
 9002895 784520     cutoff   63       358.40227  344.71525  3.82%  10.8 1235s
 9034618 778852 infeasible   50       358.40227  344.79309  3.80%  10.8 1240s
 9064770 773500  346.69292   45   24  358.40227  344.86411  3.78%  10.8 1245s
 9097705 767242  353.58376   40   30  358.40227  344.94854  3.75%  10.8 1250s
 9131571 760824  354.84742   55   28  358.40227  345.03320  3.73%  10.7 1255s
 9170644 753521     cutoff   48       358.40227  345.12948  3.70%  10.7 1260s
 9206428 746603  348.32943   45   34  358.40227  345.21980  3.68%  10.7 1265s
 9245031 738915  354.09166   49   32  358.40227  345.31796  3.65%  10.7 1270s
 9284360 731005     cutoff   50       358.40227  345.41806  3.62%  10.7 1275s
 9323329 723147  351.33109   45   18  358.40227  345.51861  3.59%  10.7 1280s
 9362028 715300  353.49871   50   27  358.40227  345.61961  3.57%  10.7 1285s
 9393202 708904  347.72319   41   32  358.40227  345.70109  3.54%  10.7 1290s
 9423055 702826     cutoff   57       358.40227  345.77879  3.52%  10.7 1295s
 9455507 696105  349.76932   46   23  358.40227  345.86364  3.50%  10.7 1300s
 9488682 689082     cutoff   79       358.40227  345.95227  3.47%  10.7 1305s
 9526776 680783  350.62268   54   41  358.40227  346.05475  3.45%  10.7 1310s
 9565789 671965 infeasible   43       358.40227  346.16372  3.41%  10.7 1315s
 9603120 663634 infeasible   45       358.40227  346.26404  3.39%  10.7 1320s
 9638475 655693  350.44635   57   25  358.40227  346.36118  3.36%  10.7 1325s
 9676727 647028  349.88891   49   30  358.40227  346.46726  3.33%  10.7 1330s
 9716053 637774  353.37084   40   19  358.40227  346.57693  3.30%  10.7 1335s
 9755846 628677  353.11416   61   25  358.40227  346.68755  3.27%  10.6 1340s
 9796305 618990 infeasible   45       358.40227  346.80644  3.24%  10.6 1345s
 9829621 610832  348.46965   52   12  358.40227  346.90515  3.21%  10.6 1350s
 9864133 602236 infeasible   49       358.40227  347.00822  3.18%  10.6 1355s
 9900744 593104 infeasible   49       358.40227  347.11864  3.15%  10.6 1360s
 9931877 585121  349.37602   37   25  358.40227  347.21370  3.12%  10.6 1365s
 9963971 576812  349.14392   49   27  358.40227  347.31304  3.09%  10.6 1370s
 10003213 566322 infeasible   49       358.40227  347.43593  3.06%  10.6 1375s
 10042775 555656 infeasible   53       358.40227  347.56377  3.02%  10.6 1380s
 10081113 545245     cutoff   52       358.40227  347.68942  2.99%  10.6 1385s
 10121120 534182     cutoff   58       358.40227  347.82393  2.95%  10.6 1390s
 10161829 522824  353.51123   37   32  358.40227  347.95941  2.91%  10.6 1395s
 10202318 511373     cutoff   51       358.40227  348.09821  2.87%  10.6 1400s
 10243466 499605     cutoff   42       358.40227  348.24264  2.83%  10.6 1405s
 10284666 487444  355.60861   57   25  358.40227  348.39065  2.79%  10.5 1410s
 10322306 475985  348.69484   46   30  358.40227  348.52845  2.75%  10.5 1415s
 10362112 463874 infeasible   63       358.40227  348.67801  2.71%  10.5 1420s
 10401113 451689  350.42602   51   23  358.40227  348.82818  2.67%  10.5 1425s
 10441696 438727  357.86296   51   26  358.40227  348.99014  2.63%  10.5 1430s
 10482801 425193     cutoff   48       358.40227  349.15800  2.58%  10.5 1435s
 10525117 411141 infeasible   46       358.40227  349.33385  2.53%  10.5 1440s
 10566708 397018  352.71276   42   29  358.40227  349.51573  2.48%  10.5 1445s
 10609201 382209     cutoff   65       358.40227  349.70620  2.43%  10.5 1450s
 10642965 370068  354.83622   62   24  358.40227  349.86575  2.38%  10.5 1455s
 10678856 356918  350.26267   45   17  358.40227  350.04069  2.33%  10.5 1460s
 10720515 340928  355.61573   44   28  358.40227  350.25521  2.27%  10.5 1465s
 10761380 325064     cutoff   45       358.40227  350.47271  2.21%  10.4 1470s
 10797202 310830  351.09769   41   33  358.40227  350.66933  2.16%  10.4 1475s
 10832265 296724  353.87863   40   16  358.40227  350.86605  2.10%  10.4 1480s
 10867646 281748     cutoff   41       358.40227  351.08666  2.04%  10.4 1485s
 10902951 266400  352.30197   40   18  358.40227  351.31294  1.98%  10.4 1490s
 10936710 251362  351.91170   49   31  358.40227  351.54467  1.91%  10.4 1495s
 10978058 232090  357.15290   63   14  358.40227  351.85283  1.83%  10.4 1500s
 11022414 210471  354.55006   52   16  358.40227  352.21565  1.73%  10.4 1505s
 11069812 186121     cutoff   52       358.40227  352.64464  1.61%  10.4 1510s
 11116961 160227 infeasible   57       358.40227  353.13713  1.47%  10.3 1515s
 11166395 130561     cutoff   47       358.40227  353.76682  1.29%  10.3 1520s
 11215673 97503     cutoff   52       358.40227  354.57529  1.07%  10.3 1525s
 11269992 56015 infeasible   54       358.40227  355.84932  0.71%  10.3 1530s

Cutting planes:
  Learned: 4
  Gomory: 8
  MIR: 6
  Flow cover: 19
  Inf proof: 15
  Zero half: 9

Explored 11330604 nodes (115944612 simplex iterations) in 1534.77 seconds
Thread count was 8 (of 8 available processors)

Solution count 10: 358.402 359.767 362.271 ... 399.363
Pool objective bound 358.367

Optimal solution found (tolerance 1.00e-04)
Best objective 3.584022741504e+02, best bound 3.583669705635e+02, gap 0.0099%

Gurobi 7.0.2 (win64, Python) logging started 07/25/17 17:42:43

Optimize a model with 255 rows, 257 columns and 1110 nonzeros
Variable types: 15 continuous, 242 integer (242 binary)
Coefficient statistics:
  Matrix range     [1e+00, 9e+01]
  Objective range  [8e+00, 6e+01]
  Bounds range     [1e+00, 9e+01]
  RHS range        [1e+00, 9e+01]
Found heuristic solution: objective 515.341
Presolve removed 0 rows and 2 columns
Presolve time: 0.00s
Presolved: 255 rows, 255 columns, 2228 nonzeros
Variable types: 15 continuous, 240 integer (240 binary)

Root relaxation: objective 2.030506e+02, 61 iterations, 0.00 seconds

    Nodes    |    Current Node    |     Objective Bounds      |     Work
 Expl Unexpl |  Obj  Depth IntInf | Incumbent    BestBd   Gap | It/Node Time

     0     0  203.05056    0   31  515.34131  203.05056  60.6%     -    0s
H    0     0                     436.3776270  203.05056  53.5%     -    0s
H    0     0                     342.2147901  203.05056  40.7%     -    0s
H    0     0                     296.4502317  203.05056  31.5%     -    0s
     0     0  208.00923    0   30  296.45023  208.00923  29.8%     -    0s
H    0     0                     286.8994786  208.00923  27.5%     -    0s
     0     0  208.00923    0   30  286.89948  208.00923  27.5%     -    0s
     0     0  208.00923    0   30  286.89948  208.00923  27.5%     -    0s
     0     0  208.00923    0   30  286.89948  208.00923  27.5%     -    0s
     0     0  208.00923    0   30  286.89948  208.00923  27.5%     -    0s
H    0     0                     286.7863726  208.00923  27.5%     -    0s
     0     2  208.00923    0   30  286.78637  208.00923  27.5%     -    0s
H 1763  1041                     284.3525533  224.73944  21.0%  10.0    0s
H 1770   995                     282.9464180  224.73944  20.6%  10.0    0s
H 2747  1146                     279.4872814  229.11565  18.0%  10.2    0s
*13986  5313              39     278.9849406  243.68046  12.7%  10.6    1s
*18056  6444              39     278.7262997  246.53227  11.6%  10.6    1s
 40276 10358  263.64821   35   22  278.72630  254.23243  8.79%  10.4    5s
 105832  8410  274.83218   37   23  278.72630  266.51344  4.38%   9.9   10s

Cutting planes:
  Learned: 2
  Gomory: 1
  Cover: 3
  Implied bound: 12
  Clique: 5
  MIR: 5
  Flow cover: 24

Explored 130483 nodes (1232606 simplex iterations) in 11.61 seconds
Thread count was 8 (of 8 available processors)

Solution count 10: 278.726 278.985 279.487 ... 436.378
Pool objective bound 278.726

Optimal solution found (tolerance 1.00e-04)
Best objective 2.787262997478e+02, best bound 2.787262997478e+02, gap 0.0000%

Gurobi 7.0.2 (win64, Python) logging started 07/25/17 17:43:28

Optimize a model with 24 rows, 27 columns and 76 nonzeros
Variable types: 4 continuous, 23 integer (23 binary)
Coefficient statistics:
  Matrix range     [1e+00, 1e+01]
  Objective range  [1e+01, 3e+01]
  Bounds range     [1e+00, 1e+01]
  RHS range        [1e+00, 1e+01]
Found heuristic solution: objective 94.7871
Presolve removed 0 rows and 7 columns
Presolve time: 0.00s
Presolved: 24 rows, 20 columns, 96 nonzeros
Variable types: 4 continuous, 16 integer (16 binary)

Root relaxation: objective 5.590169e+01, 10 iterations, 0.00 seconds

    Nodes    |    Current Node    |     Objective Bounds      |     Work
 Expl Unexpl |  Obj  Depth IntInf | Incumbent    BestBd   Gap | It/Node Time

     0     0   55.90169    0    8   94.78709   55.90169  41.0%     -    0s
H    0     0                      68.2842712   55.90169  18.1%     -    0s
     0     0   64.72136    0    8   68.28427   64.72136  5.22%     -    0s
     0     0   64.72136    0    8   68.28427   64.72136  5.22%     -    0s
     0     0   65.41143    0    9   68.28427   65.41143  4.21%     -    0s
     0     2   65.41143    0    9   68.28427   65.41143  4.21%     -    0s

Cutting planes:
  Gomory: 1
  Cover: 1
  Clique: 1

Explored 9 nodes (62 simplex iterations) in 0.01 seconds
Thread count was 8 (of 8 available processors)

Solution count 2: 68.2843 94.7871 
Pool objective bound 68.2843

Optimal solution found (tolerance 1.00e-04)
Best objective 6.828427124746e+01, best bound 6.828427124746e+01, gap 0.0000%

Gurobi 7.0.2 (win64, Python) logging started 07/25/17 17:45:37

Optimize a model with 24 rows, 27 columns and 76 nonzeros
Variable types: 4 continuous, 23 integer (23 binary)
Coefficient statistics:
  Matrix range     [1e+00, 1e+01]
  Objective range  [1e+01, 3e+01]
  Bounds range     [1e+00, 1e+01]
  RHS range        [1e+00, 1e+01]
Found heuristic solution: objective 94.7871
Presolve removed 0 rows and 7 columns
Presolve time: 0.00s
Presolved: 24 rows, 20 columns, 96 nonzeros
Variable types: 4 continuous, 16 integer (16 binary)

Root relaxation: objective 5.590169e+01, 10 iterations, 0.00 seconds

    Nodes    |    Current Node    |     Objective Bounds      |     Work
 Expl Unexpl |  Obj  Depth IntInf | Incumbent    BestBd   Gap | It/Node Time

     0     0   55.90169    0    8   94.78709   55.90169  41.0%     -    0s
H    0     0                      68.2842712   55.90169  18.1%     -    0s
     0     0   64.72136    0    8   68.28427   64.72136  5.22%     -    0s
     0     0   64.72136    0    8   68.28427   64.72136  5.22%     -    0s
     0     0   65.41143    0    9   68.28427   65.41143  4.21%     -    0s
     0     2   65.41143    0    9   68.28427   65.41143  4.21%     -    0s

Cutting planes:
  Gomory: 1
  Cover: 1
  Clique: 1

Explored 9 nodes (62 simplex iterations) in 0.02 seconds
Thread count was 8 (of 8 available processors)

Solution count 2: 68.2843 94.7871 
Pool objective bound 68.2843

Optimal solution found (tolerance 1.00e-04)
Best objective 6.828427124746e+01, best bound 6.828427124746e+01, gap 0.0000%

Gurobi 7.0.2 (win64, Python) logging started 07/25/17 17:46:52

Optimize a model with 24 rows, 27 columns and 76 nonzeros
Variable types: 4 continuous, 23 integer (23 binary)
Coefficient statistics:
  Matrix range     [1e+00, 1e+01]
  Objective range  [1e+01, 3e+01]
  Bounds range     [1e+00, 1e+01]
  RHS range        [1e+00, 1e+01]
Found heuristic solution: objective 94.7871
Presolve removed 0 rows and 7 columns
Presolve time: 0.00s
Presolved: 24 rows, 20 columns, 96 nonzeros
Variable types: 4 continuous, 16 integer (16 binary)

Root relaxation: objective 5.590169e+01, 10 iterations, 0.02 seconds

    Nodes    |    Current Node    |     Objective Bounds      |     Work
 Expl Unexpl |  Obj  Depth IntInf | Incumbent    BestBd   Gap | It/Node Time

     0     0   55.90169    0    8   94.78709   55.90169  41.0%     -    0s
H    0     0                      68.2842712   55.90169  18.1%     -    0s
     0     0   64.72136    0    8   68.28427   64.72136  5.22%     -    0s
     0     0   64.72136    0    8   68.28427   64.72136  5.22%     -    0s
     0     0   65.41143    0    9   68.28427   65.41143  4.21%     -    0s
     0     2   65.41143    0    9   68.28427   65.41143  4.21%     -    0s

Cutting planes:
  Gomory: 1
  Cover: 1
  Clique: 1

Explored 9 nodes (62 simplex iterations) in 0.02 seconds
Thread count was 8 (of 8 available processors)

Solution count 2: 68.2843 94.7871 
Pool objective bound 68.2843

Optimal solution found (tolerance 1.00e-04)
Best objective 6.828427124746e+01, best bound 6.828427124746e+01, gap 0.0000%

Gurobi 7.0.2 (win64, Python) logging started 07/25/17 17:48:31

Optimize a model with 24 rows, 27 columns and 76 nonzeros
Variable types: 4 continuous, 23 integer (23 binary)
Coefficient statistics:
  Matrix range     [1e+00, 1e+01]
  Objective range  [1e+01, 3e+01]
  Bounds range     [1e+00, 1e+01]
  RHS range        [1e+00, 1e+01]
Found heuristic solution: objective 94.7871
Presolve removed 0 rows and 7 columns
Presolve time: 0.00s
Presolved: 24 rows, 20 columns, 96 nonzeros
Variable types: 4 continuous, 16 integer (16 binary)

Root relaxation: objective 5.590169e+01, 10 iterations, 0.00 seconds

    Nodes    |    Current Node    |     Objective Bounds      |     Work
 Expl Unexpl |  Obj  Depth IntInf | Incumbent    BestBd   Gap | It/Node Time

     0     0   55.90169    0    8   94.78709   55.90169  41.0%     -    0s
H    0     0                      68.2842712   55.90169  18.1%     -    0s
     0     0   64.72136    0    8   68.28427   64.72136  5.22%     -    0s
     0     0   64.72136    0    8   68.28427   64.72136  5.22%     -    0s
     0     0   65.41143    0    9   68.28427   65.41143  4.21%     -    0s
     0     2   65.41143    0    9   68.28427   65.41143  4.21%     -    0s

Cutting planes:
  Gomory: 1
  Cover: 1
  Clique: 1

Explored 9 nodes (62 simplex iterations) in 0.00 seconds
Thread count was 8 (of 8 available processors)

Solution count 2: 68.2843 94.7871 
Pool objective bound 68.2843

Optimal solution found (tolerance 1.00e-04)
Best objective 6.828427124746e+01, best bound 6.828427124746e+01, gap 0.0000%
